<?xml version="1.0" encoding="UTF-8"?>
<testsuite name="tests.WebQuizEngineTest" tests="1" skipped="0" failures="0" errors="0" timestamp="2021-11-23T02:47:24" hostname="nil" time="3.262">
  <properties/>
  <testcase name="start" classname="tests.WebQuizEngineTest" time="3.262"/>
  <system-out><![CDATA[?[1;31m
Start test 1?[0m

  .   ____          _            __ _ _
 /\\ / ___'_ __ _ _(_)_ __  __ _ \ \ \ \
( ( )\___ | '_ | '_| | '_ \/ _` | \ \ \ \
 \\/  ___)| |_)| | | | | || (_| |  ) ) ) )
  '  |____| .__|_| |_|_| |_\__, | / / / /
 =========|_|==============|___/=/_/_/_/
 :: Spring Boot ::        (v2.2.2.RELEASE)

2021-11-23 10:47:25.370  INFO 16568 --- [    Test worker] engine.WebQuizEngine                     : Starting WebQuizEngine on nil with PID 16568 (started by nil in /home/nil/IdeaProjects/Web Quiz Engine/Web Quiz Engine/task)
2021-11-23 10:47:25.374  INFO 16568 --- [    Test worker] engine.WebQuizEngine                     : No active profile set, falling back to default profiles: default
2021-11-23 10:47:26.605  INFO 16568 --- [    Test worker] o.s.b.w.embedded.tomcat.TomcatWebServer  : Tomcat initialized with port(s): 8889 (http)
2021-11-23 10:47:26.617  INFO 16568 --- [    Test worker] o.apache.catalina.core.StandardService   : Starting service [Tomcat]
2021-11-23 10:47:26.617  INFO 16568 --- [    Test worker] org.apache.catalina.core.StandardEngine  : Starting Servlet engine: [Apache Tomcat/9.0.29]
2021-11-23 10:47:26.731  INFO 16568 --- [    Test worker] o.a.c.c.C.[Tomcat].[localhost].[/]       : Initializing Spring embedded WebApplicationContext
2021-11-23 10:47:26.732  INFO 16568 --- [    Test worker] o.s.web.context.ContextLoader            : Root WebApplicationContext: initialization completed in 1307 ms
2021-11-23 10:47:27.113  INFO 16568 --- [    Test worker] o.s.s.concurrent.ThreadPoolTaskExecutor  : Initializing ExecutorService 'applicationTaskExecutor'
2021-11-23 10:47:27.360  INFO 16568 --- [    Test worker] o.s.b.a.e.web.EndpointLinksResolver      : Exposing 14 endpoint(s) beneath base path '/actuator'
2021-11-23 10:47:27.434  INFO 16568 --- [    Test worker] o.s.b.w.embedded.tomcat.TomcatWebServer  : Tomcat started on port(s): 8889 (http) with context path ''
2021-11-23 10:47:27.439  INFO 16568 --- [    Test worker] engine.WebQuizEngine                     : Started WebQuizEngine in 2.357 seconds (JVM running for 2.933)
2021-11-23 10:47:27.801  INFO 16568 --- [nio-8889-exec-1] o.a.c.c.C.[Tomcat].[localhost].[/]       : Initializing Spring DispatcherServlet 'dispatcherServlet'
2021-11-23 10:47:27.803  INFO 16568 --- [nio-8889-exec-1] o.s.web.servlet.DispatcherServlet        : Initializing Servlet 'dispatcherServlet'
2021-11-23 10:47:27.812  INFO 16568 --- [nio-8889-exec-1] o.s.web.servlet.DispatcherServlet        : Completed initialization in 9 ms
?[1;31m
Start test 2?[0m
?[1;31m
Start test 3?[0m
?[1;31m
Start test 4?[0m
?[1;31m
Start test 5?[0m
?[1;31m
Start test 6?[0m
?[1;31m
Start test 7?[0m
?[1;31m
Start test 8?[0m
?[1;31m
Start test 9?[0m
?[1;31m
Start test 10?[0m
?[1;31m
Start test 11?[0m
?[1;31m
Start test 12?[0m
?[1;31m
Start test 13?[0m
?[1;31m
Start test 14?[0m
?[1;31m
Start test 15?[0m
?[1;31m
Start test 16?[0m
?[1;31m
Start test 17?[0m
]]></system-out>
  <system-err><![CDATA[]]></system-err>
</testsuite>
