<?xml version="1.0" encoding="UTF-8"?>
<testsuite name="tests.WebQuizEngineTest" tests="1" skipped="0" failures="0" errors="0" timestamp="2021-11-22T14:19:18" hostname="nil" time="2.589">
  <properties/>
  <testcase name="start" classname="tests.WebQuizEngineTest" time="2.589"/>
  <system-out><![CDATA[?[1;31m
Start test 1?[0m

  .   ____          _            __ _ _
 /\\ / ___'_ __ _ _(_)_ __  __ _ \ \ \ \
( ( )\___ | '_ | '_| | '_ \/ _` | \ \ \ \
 \\/  ___)| |_)| | | | | || (_| |  ) ) ) )
  '  |____| .__|_| |_|_| |_\__, | / / / /
 =========|_|==============|___/=/_/_/_/
 :: Spring Boot ::        (v2.2.2.RELEASE)

2021-11-22 22:19:19.258  INFO 61243 --- [    Test worker] engine.WebQuizEngine                     : Starting WebQuizEngine on nil with PID 61243 (started by nil in /home/nil/IdeaProjects/Web Quiz Engine/Web Quiz Engine/task)
2021-11-22 22:19:19.261  INFO 61243 --- [    Test worker] engine.WebQuizEngine                     : No active profile set, falling back to default profiles: default
2021-11-22 22:19:20.242  INFO 61243 --- [    Test worker] o.s.b.w.embedded.tomcat.TomcatWebServer  : Tomcat initialized with port(s): 8889 (http)
2021-11-22 22:19:20.252  INFO 61243 --- [    Test worker] o.apache.catalina.core.StandardService   : Starting service [Tomcat]
2021-11-22 22:19:20.253  INFO 61243 --- [    Test worker] org.apache.catalina.core.StandardEngine  : Starting Servlet engine: [Apache Tomcat/9.0.29]
2021-11-22 22:19:20.334  INFO 61243 --- [    Test worker] o.a.c.c.C.[Tomcat].[localhost].[/]       : Initializing Spring embedded WebApplicationContext
2021-11-22 22:19:20.335  INFO 61243 --- [    Test worker] o.s.web.context.ContextLoader            : Root WebApplicationContext: initialization completed in 1027 ms
2021-11-22 22:19:20.665  INFO 61243 --- [    Test worker] o.s.s.concurrent.ThreadPoolTaskExecutor  : Initializing ExecutorService 'applicationTaskExecutor'
2021-11-22 22:19:20.862  INFO 61243 --- [    Test worker] o.s.b.a.e.web.EndpointLinksResolver      : Exposing 14 endpoint(s) beneath base path '/actuator'
2021-11-22 22:19:20.943  INFO 61243 --- [    Test worker] o.s.b.w.embedded.tomcat.TomcatWebServer  : Tomcat started on port(s): 8889 (http) with context path ''
2021-11-22 22:19:20.947  INFO 61243 --- [    Test worker] engine.WebQuizEngine                     : Started WebQuizEngine in 1.993 seconds (JVM running for 2.531)
2021-11-22 22:19:21.230  INFO 61243 --- [nio-8889-exec-1] o.a.c.c.C.[Tomcat].[localhost].[/]       : Initializing Spring DispatcherServlet 'dispatcherServlet'
2021-11-22 22:19:21.231  INFO 61243 --- [nio-8889-exec-1] o.s.web.servlet.DispatcherServlet        : Initializing Servlet 'dispatcherServlet'
2021-11-22 22:19:21.240  INFO 61243 --- [nio-8889-exec-1] o.s.web.servlet.DispatcherServlet        : Completed initialization in 9 ms
?[1;31m
Start test 2?[0m
?[1;31m
Start test 3?[0m
]]></system-out>
  <system-err><![CDATA[]]></system-err>
</testsuite>
